Start testing: Dec 02 14:11 中国标准时间
----------------------------------------------------------
1/1 Testing: exp4_tr
1/1 Test: exp4_tr
Command: "C:/Users/Ovke/Desktop/CTest/exp4_tr/build/Debug/test_executor.exe" "Debug"
Directory: C:/Users/Ovke/Desktop/CTest/exp4_tr/build
"exp4_tr" start time: Dec 02 14:11 中国标准时间
Output:
----------------------------------------------------------
Running main() from C:\Users\Ovke\Desktop\CTest\exp4_tr\googletest\googletest\src\gtest_main.cc
[==========] Running 2 tests from 1 test suite.
[----------] Global test environment set-up.
[----------] 2 tests from TurnRound
[ RUN      ] TurnRound.BasicTR
[       OK ] TurnRound.BasicTR (0 ms)
[ RUN      ] TurnRound.FastTR
[       OK ] TurnRound.FastTR (0 ms)
[----------] 2 tests from TurnRound (0 ms total)

[----------] Global test environment tear-down
[==========] 2 tests from 1 test suite ran. (0 ms total)
[  PASSED  ] 2 tests.
<end of output>
Test time =   0.09 sec
----------------------------------------------------------
Test Passed.
"exp4_tr" end time: Dec 02 14:11 中国标准时间
"exp4_tr" time elapsed: 00:00:00
----------------------------------------------------------

End testing: Dec 02 14:11 中国标准时间
