Start testing: Dec 02 14:00 中国标准时间
----------------------------------------------------------
1/1 Testing: exp2_basic
1/1 Test: exp2_basic
Command: "C:/Users/Ovke/Desktop/CTest/exp2_speed/build/Debug/test_executor.exe" "Debug"
Directory: C:/Users/Ovke/Desktop/CTest/exp2_speed/build
"exp2_basic" start time: Dec 02 14:00 中国标准时间
Output:
----------------------------------------------------------
Running main() from C:\Users\Ovke\Desktop\CTest\exp2_speed\googletest\googletest\src\gtest_main.cc
[==========] Running 2 tests from 1 test suite.
[----------] Global test environment set-up.
[----------] 2 tests from SpeedTest
[ RUN      ] SpeedTest.ForwardFast
[       OK ] SpeedTest.ForwardFast (0 ms)
[ RUN      ] SpeedTest.TurnFast
[       OK ] SpeedTest.TurnFast (0 ms)
[----------] 2 tests from SpeedTest (0 ms total)

[----------] Global test environment tear-down
[==========] 2 tests from 1 test suite ran. (0 ms total)
[  PASSED  ] 2 tests.
<end of output>
Test time =   0.69 sec
----------------------------------------------------------
Test Passed.
"exp2_basic" end time: Dec 02 14:00 中国标准时间
"exp2_basic" time elapsed: 00:00:00
----------------------------------------------------------

End testing: Dec 02 14:00 中国标准时间
