Start testing: Dec 02 13:53 中国标准时间
----------------------------------------------------------
1/1 Testing: exp1_basic
1/1 Test: exp1_basic
Command: "C:/Users/Ovke/Desktop/CTest/exp1_basic/build/Debug/test_executor.exe" "Debug"
Directory: C:/Users/Ovke/Desktop/CTest/exp1_basic/build
"exp1_basic" start time: Dec 02 13:53 中国标准时间
Output:
----------------------------------------------------------
Running main() from C:\Users\Ovke\Desktop\CTest\exp1_basic\googletest\googletest\src\gtest_main.cc
[==========] Running 7 tests from 1 test suite.
[----------] Global test environment set-up.
[----------] 7 tests from ExecutorTest
[ RUN      ] ExecutorTest.DefaultInit
[       OK ] ExecutorTest.DefaultInit (0 ms)
[ RUN      ] ExecutorTest.MoveForward
[       OK ] ExecutorTest.MoveForward (0 ms)
[ RUN      ] ExecutorTest.TurnLeft
[       OK ] ExecutorTest.TurnLeft (0 ms)
[ RUN      ] ExecutorTest.TurnRight
[       OK ] ExecutorTest.TurnRight (0 ms)
[ RUN      ] ExecutorTest.MultiCommands
[       OK ] ExecutorTest.MultiCommands (0 ms)
[ RUN      ] ExecutorTest.CustomInit
[       OK ] ExecutorTest.CustomInit (0 ms)
[ RUN      ] ExecutorTest.PathTest
[       OK ] ExecutorTest.PathTest (0 ms)
[----------] 7 tests from ExecutorTest (0 ms total)

[----------] Global test environment tear-down
[==========] 7 tests from 1 test suite ran. (0 ms total)
[  PASSED  ] 7 tests.
<end of output>
Test time =   0.84 sec
----------------------------------------------------------
Test Passed.
"exp1_basic" end time: Dec 02 13:53 中国标准时间
"exp1_basic" time elapsed: 00:00:00
----------------------------------------------------------

End testing: Dec 02 13:53 中国标准时间
