Start testing: Dec 02 14:04 中国标准时间
----------------------------------------------------------
1/1 Testing: exp3_back
1/1 Test: exp3_back
Command: "C:/Users/Ovke/Desktop/CTest/exp3_back/build/Debug/test_executor.exe" "Debug"
Directory: C:/Users/Ovke/Desktop/CTest/exp3_back/build
"exp3_back" start time: Dec 02 14:04 中国标准时间
Output:
----------------------------------------------------------
Running main() from C:\Users\Ovke\Desktop\CTest\exp3_back\googletest\googletest\src\gtest_main.cc
[==========] Running 2 tests from 1 test suite.
[----------] Global test environment set-up.
[----------] 2 tests from BackTest
[ RUN      ] BackTest.BackOne
[       OK ] BackTest.BackOne (0 ms)
[ RUN      ] BackTest.BackTurn
[       OK ] BackTest.BackTurn (0 ms)
[----------] 2 tests from BackTest (0 ms total)

[----------] Global test environment tear-down
[==========] 2 tests from 1 test suite ran. (0 ms total)
[  PASSED  ] 2 tests.
<end of output>
Test time =   0.70 sec
----------------------------------------------------------
Test Passed.
"exp3_back" end time: Dec 02 14:04 中国标准时间
"exp3_back" time elapsed: 00:00:00
----------------------------------------------------------

End testing: Dec 02 14:04 中国标准时间
